0 info it worked if it ends with ok
1 verbose cli [ 'node', '/usr/local/bin/npm', 'start' ]
2 info using npm@1.4.23
3 info using node@v0.10.31
4 verbose run-script [ 'prestart', 'start', 'poststart' ]
5 info prestart ekoca-forecast@0.0.3
6 verbose unsafe-perm in lifecycle true
7 info start ekoca-forecast@0.0.3
8 verbose unsafe-perm in lifecycle true
9 info ekoca-forecast@0.0.3 Failed to exec start script
10 error ekoca-forecast@0.0.3 start: `http-server -a localhost -p 8000 -c-1`
10 error Exit status 8
11 error Failed at the ekoca-forecast@0.0.3 start script.
11 error This is most likely a problem with the ekoca-forecast package,
11 error not with npm itself.
11 error Tell the author that this fails on your system:
11 error     http-server -a localhost -p 8000 -c-1
11 error You can get their info via:
11 error     npm owner ls ekoca-forecast
11 error There is likely additional logging output above.
12 error System Darwin 14.0.0
13 error command "node" "/usr/local/bin/npm" "start"
14 error cwd /Users/ekoca/Desktop/ekoca-forecast/heroku
15 error node -v v0.10.31
16 error npm -v 1.4.23
17 error code ELIFECYCLE
18 verbose exit [ 1, true ]
